<?xml version="1.0" encoding="UTF-8"?>
<!-- Generated by org.testng.reporters.JUnitReportReporter -->
<testsuite hostname="Evgen" name="test.TC_01_putInCart" tests="1" failures="0" timestamp="9 Dec 2014 02:03:42 GMT" time="91.189" errors="0">
  <testcase name="xTest" time="91.189" classname="test.TC_01_putInCart"/>
</testsuite> <!-- test.TC_01_putInCart -->
